<html>
<body>
<pre>
<h1>µVision Build Log</h1>
<h2>Project:</h2>
O:\ARM\OS\OS.uvproj
Project File Date:  03/24/2014

<h2>Output:</h2>
Rebuild target 'OS'
compiling print.c...
assembling startup_simple-M4.s...
compiling system_stm32f4xx.c...
assembling os.s...
os.s(26): warning: A1581W: Added 2 bytes of padding at address 0xe
os.s(74): error: A1516E: Bad symbol 'proc1', not defined or external
os.s(75): error: A1516E: Bad symbol 'proc2', not defined or external
os.s(76): error: A1516E: Bad symbol 'proc3', not defined or external
os.s(81): error: A1516E: Bad symbol 'ProcMon', not defined or external
".\OS.axf" - 4 Errors, 1 Warning(s).
Target not created
Rebuild target 'OS'
compiling print.c...
assembling startup_simple-M4.s...
compiling system_stm32f4xx.c...
assembling os.s...
os.s(26): warning: A1581W: Added 2 bytes of padding at address 0xe
os.s(74): error: A1516E: Bad symbol 'proc1', not defined or external
os.s(75): error: A1516E: Bad symbol 'proc2', not defined or external
os.s(76): error: A1516E: Bad symbol 'proc3', not defined or external
os.s(81): error: A1516E: Bad symbol 'ProcMon', not defined or external
".\OS.axf" - 4 Errors, 1 Warning(s).
Target not created
Build target 'OS'
assembling os.s...
os.s(26): warning: A1581W: Added 2 bytes of padding at address 0xe
os.s(74): error: A1516E: Bad symbol 'Proc1', not defined or external
os.s(75): error: A1516E: Bad symbol 'Proc2', not defined or external
os.s(76): error: A1516E: Bad symbol 'Proc3', not defined or external
os.s(81): error: A1516E: Bad symbol 'ProcMon', not defined or external
".\OS.axf" - 4 Errors, 1 Warning(s).
Target not created
Build target 'OS'
assembling os.s...
os.s(26): warning: A1581W: Added 2 bytes of padding at address 0xe
linking...
Program Size: Code=1824 RO-data=48 RW-data=24 ZI-data=1024  
".\OS.axf" - 0 Errors, 1 Warning(s).
Load "O:\\ARM\\OS\\OS.axf" 
Erase Done.
Programming Done.
Verify OK.
Rebuild target 'OS'
compiling print.c...
assembling startup_simple-M4.s...
compiling system_stm32f4xx.c...
assembling os.s...
os.s(26): warning: A1581W: Added 2 bytes of padding at address 0xe
linking...
Program Size: Code=1824 RO-data=48 RW-data=24 ZI-data=1024  
".\OS.axf" - 0 Errors, 1 Warning(s).
Load "O:\\ARM\\OS\\OS.axf" 
Erase Done.
Programming Done.
Verify OK.
Build target 'OS'
assembling os.s...
os.s(27): warning: A1581W: Added 2 bytes of padding at address 0x12
linking...
Program Size: Code=1828 RO-data=48 RW-data=24 ZI-data=1024  
".\OS.axf" - 0 Errors, 1 Warning(s).
Rebuild target 'OS'
compiling print.c...
assembling startup_simple-M4.s...
compiling system_stm32f4xx.c...
assembling os.s...
linking...
Program Size: Code=1828 RO-data=48 RW-data=24 ZI-data=1024  
".\OS.axf" - 0 Errors, 0 Warning(s).
Load "O:\\ARM\\OS\\OS.axf" 
Erase Done.
Programming Done.
Verify OK.
Rebuild target 'OS'
compiling print.c...
assembling startup_simple-M4.s...
compiling system_stm32f4xx.c...
assembling os.s...
linking...
Program Size: Code=1828 RO-data=48 RW-data=24 ZI-data=1024  
".\OS.axf" - 0 Errors, 0 Warning(s).
Load "O:\\ARM\\OS\\OS.axf" 
Erase Done.
Programming Done.
Verify OK.
Build target 'OS'
assembling os.s...
linking...
Program Size: Code=1828 RO-data=48 RW-data=24 ZI-data=1024  
".\OS.axf" - 0 Errors, 0 Warning(s).
Load "O:\\ARM\\OS\\OS.axf" 
Erase Done.
Programming Done.
Verify OK.
Load "O:\\ARM\\OS\\OS.axf" 
Erase Done.
Programming Done.
Verify OK.
Rebuild target 'OS'
compiling print.c...
assembling startup_simple-M4.s...
compiling system_stm32f4xx.c...
assembling os.s...
os.s(66): error: A1516E: Bad symbol 'ProcCount', not defined or external
os.s(85): warning: A1581W: Added 2 bytes of padding at address 0x72
".\OS.axf" - 1 Errors, 1 Warning(s).
Target not created
Rebuild target 'OS'
compiling print.c...
assembling startup_simple-M4.s...
compiling system_stm32f4xx.c...
assembling os.s...
linking...
Program Size: Code=1812 RO-data=48 RW-data=24 ZI-data=1024  
".\OS.axf" - 0 Errors, 0 Warning(s).
Rebuild target 'OS'
compiling print.c...
assembling startup_simple-M4.s...
compiling system_stm32f4xx.c...
assembling os.s...
linking...
Program Size: Code=1816 RO-data=48 RW-data=24 ZI-data=1024  
".\OS.axf" - 0 Errors, 0 Warning(s).
Load "O:\\ARM\\OS\\OS.axf" 
Erase Done.
Programming Done.
Verify OK.
Rebuild target 'OS'
compiling print.c...
assembling startup_simple-M4.s...
compiling system_stm32f4xx.c...
assembling os.s...
linking...
Program Size: Code=1808 RO-data=48 RW-data=24 ZI-data=1024  
".\OS.axf" - 0 Errors, 0 Warning(s).
Load "O:\\ARM\\OS\\OS.axf" 
Erase Done.
Programming Done.
Verify OK.
Rebuild target 'OS'
compiling print.c...
assembling startup_simple-M4.s...
compiling system_stm32f4xx.c...
assembling os.s...
os.s(100): warning: A1581W: Added 2 bytes of padding at address 0x8e
linking...
Program Size: Code=1844 RO-data=48 RW-data=24 ZI-data=1024  
".\OS.axf" - 0 Errors, 1 Warning(s).
Load "O:\\ARM\\OS\\OS.axf" 
Erase Done.
Programming Done.
Verify OK.
Build target 'OS'
assembling os.s...
linking...
Program Size: Code=1852 RO-data=48 RW-data=24 ZI-data=1024  
".\OS.axf" - 0 Errors, 0 Warning(s).
Load "O:\\ARM\\OS\\OS.axf" 
Erase Done.
Programming Done.
Verify OK.
Rebuild target 'OS'
compiling print.c...
assembling startup_simple-M4.s...
compiling system_stm32f4xx.c...
assembling os.s...
linking...
Program Size: Code=1856 RO-data=48 RW-data=24 ZI-data=1024  
".\OS.axf" - 0 Errors, 0 Warning(s).
Load "O:\\ARM\\OS\\OS.axf" 
Erase Done.
Programming Done.
Verify OK.
Build target 'OS'
assembling os.s...
os.s(93): warning: A1865W: '#' not seen before constant expression
os.s(93): error: A1137E: Unexpected characters at end of line
".\OS.axf" - 1 Errors, 1 Warning(s).
Target not created
Build target 'OS'
assembling os.s...
os.s(93): error: A1137E: Unexpected characters at end of line
".\OS.axf" - 1 Errors, 0 Warning(s).
Target not created
Build target 'OS'
assembling os.s...
os.s(93): error: A1137E: Unexpected characters at end of line
".\OS.axf" - 1 Errors, 0 Warning(s).
Target not created
Rebuild target 'OS'
compiling print.c...
assembling startup_simple-M4.s...
compiling system_stm32f4xx.c...
assembling os.s...
os.s(97): warning: A1581W: Added 2 bytes of padding at address 0x9e
linking...
Program Size: Code=1864 RO-data=48 RW-data=24 ZI-data=1024  
".\OS.axf" - 0 Errors, 1 Warning(s).
Load "O:\\ARM\\OS\\OS.axf" 
Erase Done.
Programming Done.
Verify OK.
Build target 'OS'
assembling os.s...
os.s(93): error: A1647E: Bad register name symbol, expected Integer register
".\OS.axf" - 1 Errors, 0 Warning(s).
Target not created
Build target 'OS'
assembling os.s...
linking...
Program Size: Code=1860 RO-data=48 RW-data=24 ZI-data=1024  
".\OS.axf" - 0 Errors, 0 Warning(s).
Load "O:\\ARM\\OS\\OS.axf" 
Erase Done.
Programming Done.
Verify OK.
Build target 'OS'
assembling os.s...
os.s(93): error: A1137E: Unexpected characters at end of line
".\OS.axf" - 1 Errors, 0 Warning(s).
Target not created
Load "O:\\ARM\\OS\\OS.axf" 
Erase Done.
Programming Done.
Verify OK.
Rebuild target 'OS'
compiling print.c...
assembling startup_simple-M4.s...
compiling system_stm32f4xx.c...
assembling os.s...
os.s(93): error: A1517E: Unexpected operator equal to or equivalent to =
".\OS.axf" - 1 Errors, 0 Warning(s).
Target not created
Build target 'OS'
assembling os.s...
os.s(93): error: A1517E: Unexpected operator equal to or equivalent to =
".\OS.axf" - 1 Errors, 0 Warning(s).
Target not created
Load "O:\\ARM\\OS\\OS.axf" 
Erase Done.
Programming Done.
Verify OK.
Rebuild target 'OS'
compiling print.c...
assembling startup_simple-M4.s...
compiling system_stm32f4xx.c...
assembling os.s...
linking...
.\OS.axf: Error: L6204E: Entry point (0x080003b4) does not point to an instruction.
".\OS.axf" - 1 Errors, 0 Warning(s).
Target not created
Build target 'OS'
assembling os.s...
os.s(94): error: A1516E: Bad symbol 'ProcCount', not defined or external
".\OS.axf" - 1 Errors, 0 Warning(s).
Target not created
Build target 'OS'
assembling os.s...
os.s(94): error: A1516E: Bad symbol 'ProcCount', not defined or external
".\OS.axf" - 1 Errors, 0 Warning(s).
Target not created
Build target 'OS'
assembling os.s...
linking...
.\OS.axf: Error: L6204E: Entry point (0x080003b4) does not point to an instruction.
".\OS.axf" - 1 Errors, 0 Warning(s).
Target not created
Build target 'OS'
assembling os.s...
os.s(94): error: A1516E: Bad symbol 'ProcCount', not defined or external
".\OS.axf" - 1 Errors, 0 Warning(s).
Target not created
Build target 'OS'
assembling os.s...
os.s(94): error: A1516E: Bad symbol 'ProcCount', not defined or external
".\OS.axf" - 1 Errors, 0 Warning(s).
Target not created
Build target 'OS'
assembling os.s...
linking...
Program Size: Code=1856 RO-data=48 RW-data=24 ZI-data=1024  
".\OS.axf" - 0 Errors, 0 Warning(s).
Load "O:\\ARM\\OS\\OS.axf" 
Erase Done.
Programming Done.
Verify OK.
Build target 'OS'
linking...
Program Size: Code=1856 RO-data=48 RW-data=24 ZI-data=1024  
".\OS.axf" - 0 Errors, 0 Warning(s).
Load "O:\\ARM\\OS\\OS.axf" 
Erase Done.
Programming Done.
Verify OK.
Rebuild target 'OS'
compiling print.c...
assembling startup_simple-M4.s...
compiling system_stm32f4xx.c...
assembling os.s...
os.s(96): warning: A1581W: Added 2 bytes of padding at address 0x9a
linking...
Program Size: Code=1856 RO-data=48 RW-data=24 ZI-data=1024  
".\OS.axf" - 0 Errors, 1 Warning(s).
Load "O:\\ARM\\OS\\OS.axf" 
Erase Done.
Programming Done.
Verify OK.
Build target 'OS'
assembling os.s...
os.s(94): error: A1875E: Register Rn must be from R0 to R7 in this instruction
os.s(99): warning: A1581W: Added 2 bytes of padding at address 0xa2
".\OS.axf" - 1 Errors, 1 Warning(s).
Target not created
Build target 'OS'
assembling os.s...
os.s(94): error: A1867E: Immediate 0x00000006 out of range for this operation.  Permitted values are multiples of 4 from 0x00000000 to 0x000003FF
os.s(99): warning: A1581W: Added 2 bytes of padding at address 0xa2
".\OS.axf" - 1 Errors, 1 Warning(s).
Target not created
Build target 'OS'
assembling os.s...
os.s(94): error: A1867E: Immediate 0x00000006 out of range for this operation.  Permitted values are multiples of 4 from 0x00000000 to 0x000003FF
os.s(99): warning: A1581W: Added 2 bytes of padding at address 0xa2
".\OS.axf" - 1 Errors, 1 Warning(s).
Target not created
Build target 'OS'
assembling os.s...
os.s(94): error: A1517E: Unexpected operator equal to or equivalent to =
".\OS.axf" - 1 Errors, 0 Warning(s).
Target not created
Build target 'OS'
assembling os.s...
os.s(94): error: A1867E: Immediate 0x00000006 out of range for this operation.  Permitted values are multiples of 4 from 0x00000000 to 0x000003FF
os.s(99): warning: A1581W: Added 2 bytes of padding at address 0xa2
".\OS.axf" - 1 Errors, 1 Warning(s).
Target not created
Build target 'OS'
assembling os.s...
os.s(94): error: A1137E: Unexpected characters at end of line
".\OS.axf" - 1 Errors, 0 Warning(s).
Target not created
Build target 'OS'
assembling os.s...
os.s(94): error: A1517E: Unexpected operator equal to or equivalent to =
".\OS.axf" - 1 Errors, 0 Warning(s).
Target not created
Build target 'OS'
assembling os.s...
os.s(94): error: A1517E: Unexpected operator equal to or equivalent to =
".\OS.axf" - 1 Errors, 0 Warning(s).
Target not created
Build target 'OS'
assembling os.s...
os.s(94): error: A1867E: Immediate 0x00000006 out of range for this operation.  Permitted values are multiples of 4 from 0x00000000 to 0x000003FF
os.s(99): warning: A1581W: Added 2 bytes of padding at address 0xa2
".\OS.axf" - 1 Errors, 1 Warning(s).
Target not created
Build target 'OS'
assembling os.s...
os.s(94): error: A1875E: Register Rn must be from R0 to R7 in this instruction
os.s(99): warning: A1581W: Added 2 bytes of padding at address 0xa2
".\OS.axf" - 1 Errors, 1 Warning(s).
Target not created
Build target 'OS'
assembling os.s...
os.s(99): warning: A1581W: Added 2 bytes of padding at address 0xa2
linking...
Program Size: Code=1872 RO-data=48 RW-data=24 ZI-data=1024  
".\OS.axf" - 0 Errors, 1 Warning(s).
Rebuild target 'OS'
compiling print.c...
assembling startup_simple-M4.s...
compiling system_stm32f4xx.c...
assembling os.s...
os.s(99): warning: A1581W: Added 2 bytes of padding at address 0xa2
linking...
Program Size: Code=1872 RO-data=48 RW-data=24 ZI-data=1024  
".\OS.axf" - 0 Errors, 1 Warning(s).
Load "O:\\ARM\\OS\\OS.axf" 
Erase Done.
Programming Done.
Verify OK.
Build target 'OS'
assembling os.s...
os.s(73): error: A1215E: Bad register list symbol
os.s(78): error: A1647E: Bad register name symbol, expected Integer register
".\OS.axf" - 2 Errors, 0 Warning(s).
Target not created
Build target 'OS'
assembling os.s...
os.s(78): error: A1647E: Bad register name symbol, expected Integer register
".\OS.axf" - 1 Errors, 0 Warning(s).
Target not created
Build target 'OS'
assembling os.s...
os.s(78): error: A1114E: Expected register relative expression
".\OS.axf" - 1 Errors, 0 Warning(s).
Target not created
Build target 'OS'
assembling os.s...
os.s(105): warning: A1581W: Added 2 bytes of padding at address 0xaa
linking...
Program Size: Code=1880 RO-data=48 RW-data=24 ZI-data=1024  
".\OS.axf" - 0 Errors, 1 Warning(s).
Build target 'OS'
linking...
Program Size: Code=1880 RO-data=48 RW-data=24 ZI-data=1024  
".\OS.axf" - 0 Errors, 0 Warning(s).
Load "O:\\ARM\\OS\\OS.axf" 
Erase Done.
Programming Done.
Verify OK.
